[22:18:18] [main/INFO] (FabricLoader/GameProvider) Loading Minecraft 1.20.1 with Fabric Loader 0.16.10
[22:18:20] [main/INFO] (FabricLoader) Loading 59 mods:
	- cortex 1.0.0
	- fabric-api 0.92.8+1.20.1
	- fabric-api-base 0.4.32+1802ada577
	- fabric-api-lookup-api-v1 1.6.37+1802ada577
	- fabric-biome-api-v1 13.0.15+93aa238b77
	- fabric-block-api-v1 1.0.12+1802ada577
	- fabric-block-view-api-v2 1.0.3+924f046a77
	- fabric-blockrenderlayer-v1 1.1.42+1802ada577
	- fabric-client-tags-api-v1 1.1.3+1802ada577
	- fabric-command-api-v1 1.2.35+f71b366f77
	- fabric-command-api-v2 2.2.14+1802ada577
	- fabric-commands-v0 0.2.52+df3654b377
	- fabric-containers-v0 0.1.67+df3654b377
	- fabric-content-registries-v0 4.0.13+1802ada577
	- fabric-convention-tags-v1 1.5.6+1802ada577
	- fabric-crash-report-info-v1 0.2.20+1802ada577
	- fabric-data-attachment-api-v1 1.0.2+de0fd6d177
	- fabric-data-generation-api-v1 12.3.8+1802ada577
	- fabric-dimensions-v1 2.1.55+1802ada577
	- fabric-entity-events-v1 1.6.1+1c78457f77
	- fabric-events-interaction-v0 0.6.5+13a40c6677
	- fabric-events-lifecycle-v0 0.2.64+df3654b377
	- fabric-game-rule-api-v1 1.0.41+1802ada577
	- fabric-gametest-api-v1 1.2.15+1802ada577
	- fabric-item-api-v1 2.1.29+1802ada577
	- fabric-item-group-api-v1 4.0.14+1802ada577
	- fabric-key-binding-api-v1 1.0.38+1802ada577
	- fabric-keybindings-v0 0.2.36+df3654b377
	- fabric-lifecycle-events-v1 2.2.23+1802ada577
	- fabric-loot-api-v2 1.2.3+1802ada577
	- fabric-loot-tables-v1 1.1.47+9e7660c677
	- fabric-message-api-v1 5.1.10+1802ada577
	- fabric-mining-level-api-v1 2.1.52+1802ada577
	- fabric-model-loading-api-v1 1.0.4+1802ada577
	- fabric-models-v0 0.4.3+9386d8a777
	- fabric-networking-api-v1 1.3.14+a158aa0477
	- fabric-networking-v0 0.3.54+df3654b377
	- fabric-object-builder-api-v1 11.1.5+e35120df77
	- fabric-particles-v1 1.1.3+1802ada577
	- fabric-recipe-api-v1 1.0.24+1802ada577
	- fabric-registry-sync-v0 2.4.0+4c0a70e677
	- fabric-renderer-api-v1 3.2.2+1802ada577
	- fabric-renderer-indigo 1.5.3+85287f9f77
	- fabric-renderer-registries-v1 3.2.47+df3654b377
	- fabric-rendering-data-attachment-v1 0.3.39+92a0d36777
	- fabric-rendering-fluids-v1 3.0.29+1802ada577
	- fabric-rendering-v0 1.1.50+df3654b377
	- fabric-rendering-v1 3.0.9+1802ada577
	- fabric-resource-conditions-api-v1 2.3.9+1802ada577
	- fabric-resource-loader-v0 0.11.12+fb82e9d777
	- fabric-screen-api-v1 2.0.9+1802ada577
	- fabric-screen-handler-api-v1 1.3.33+1802ada577
	- fabric-sound-api-v1 1.0.14+1802ada577
	- fabric-transfer-api-v1 3.3.6+8dd72ea377
	- fabric-transitive-access-wideners-v1 4.3.2+1802ada577
	- fabricloader 0.16.10
	- java 21
	- minecraft 1.20.1
	- mixinextras 0.4.1
[22:18:21] [main/INFO] (FabricLoader/Mixin) SpongePowered MIXIN Subsystem Version=0.8.7 Source=file:/C:/Users/672/.gradle/caches/modules-2/files-2.1/net.fabricmc/sponge-mixin/0.15.4+mixin.0.8.7/6a12aacc794f1078458433116e9ed42c1cc98096/sponge-mixin-0.15.4+mixin.0.8.7.jar Service=Knot/Fabric Env=CLIENT
[22:18:22] [main/INFO] (FabricLoader/Mixin) Loaded Fabric development mappings for mixin remapper!
[22:18:22] [main/INFO] (FabricLoader/Mixin) Compatibility level set to JAVA_16
[22:18:22] [main/INFO] (FabricLoader/Mixin) Compatibility level set to JAVA_17
[22:18:26] [main/INFO] (FabricLoader/MixinExtras|Service) Initializing MixinExtras via com.llamalad7.mixinextras.service.MixinExtrasServiceImpl(version=0.4.1).
[22:18:49] [Datafixer Bootstrap/INFO] (Minecraft) 188 Datafixer optimizations took 564 milliseconds
[22:18:53] [Render thread/INFO] (Minecraft) [STDERR]: [LWJGL] [ThreadLocalUtil] Unsupported JNI version detected, this may result in a crash. Please inform LWJGL developers.
[22:18:54] [Render thread/INFO] (Minecraft) Environment: authHost='https://authserver.mojang.com', accountsHost='https://api.mojang.com', sessionHost='https://sessionserver.mojang.com', servicesHost='https://api.minecraftservices.com', name='PROD'
[22:18:55] [Render thread/ERROR] (Minecraft) Failed to verify authentication
com.mojang.authlib.exceptions.InvalidCredentialsException: Status: 401
	at com.mojang.authlib.exceptions.MinecraftClientHttpException.toAuthenticationException(MinecraftClientHttpException.java:56) ~[authlib-4.0.43.jar:?]
	at com.mojang.authlib.yggdrasil.YggdrasilUserApiService.fetchProperties(YggdrasilUserApiService.java:156) ~[authlib-4.0.43.jar:?]
	at com.mojang.authlib.yggdrasil.YggdrasilUserApiService.<init>(YggdrasilUserApiService.java:55) ~[authlib-4.0.43.jar:?]
	at com.mojang.authlib.yggdrasil.YggdrasilAuthenticationService.createUserApiService(YggdrasilAuthenticationService.java:124) ~[authlib-4.0.43.jar:?]
	at net.minecraft.client.MinecraftClient.createUserApiService(MinecraftClient.java:733) ~[minecraft-merged-d95c7b3016-1.20.1-net.fabricmc.yarn.1_20_1.1.20.1+build.10-v2.jar:?]
	at net.minecraft.client.MinecraftClient.<init>(MinecraftClient.java:442) ~[minecraft-merged-d95c7b3016-1.20.1-net.fabricmc.yarn.1_20_1.1.20.1+build.10-v2.jar:?]
	at net.minecraft.client.main.Main.main(Main.java:211) ~[minecraft-merged-d95c7b3016-1.20.1-net.fabricmc.yarn.1_20_1.1.20.1+build.10-v2.jar:?]
	at net.fabricmc.loader.impl.game.minecraft.MinecraftGameProvider.launch(MinecraftGameProvider.java:480) ~[fabric-loader-0.16.10.jar:?]
	at net.fabricmc.loader.impl.launch.knot.Knot.launch(Knot.java:74) ~[fabric-loader-0.16.10.jar:?]
	at net.fabricmc.loader.impl.launch.knot.KnotClient.main(KnotClient.java:23) ~[fabric-loader-0.16.10.jar:?]
	at net.fabricmc.devlaunchinjector.Main.main(Main.java:86) ~[dev-launch-injector-0.2.1+build.8.jar:?]
Caused by: com.mojang.authlib.exceptions.MinecraftClientHttpException: Status: 401
	at com.mojang.authlib.minecraft.client.MinecraftClient.readInputStream(MinecraftClient.java:85) ~[authlib-4.0.43.jar:?]
	at com.mojang.authlib.minecraft.client.MinecraftClient.get(MinecraftClient.java:48) ~[authlib-4.0.43.jar:?]
	at com.mojang.authlib.yggdrasil.YggdrasilUserApiService.fetchProperties(YggdrasilUserApiService.java:129) ~[authlib-4.0.43.jar:?]
	... 9 more
[22:18:55] [Render thread/INFO] (Minecraft) Setting user: Player490
[22:18:55] [Render thread/INFO] (cortex) Cortex Data Collection Mod initialized
[22:18:55] [Render thread/INFO] (Indigo) [Indigo] Registering Indigo renderer!
[22:18:56] [Render thread/INFO] (Minecraft) [STDERR]: [Cortex] Failed to load safezones: Cannot invoke "com.google.gson.JsonElement.getAsDouble()" because the return value of "com.google.gson.JsonObject.get(String)" is null
[22:18:57] [Render thread/INFO] (Minecraft) Backend library: LWJGL version 3.3.2-snapshot
[22:19:01] [Render thread/INFO] (Minecraft) Reloading ResourceManager: vanilla, fabric (fabric-blockrenderlayer-v1, fabric-transfer-api-v1, fabric-client-tags-api-v1, fabric-command-api-v2, fabric-model-loading-api-v1, fabric-transitive-access-wideners-v1, fabric-loot-api-v2, fabric-game-rule-api-v1, fabric-containers-v0, fabric-networking-api-v1, fabric-events-interaction-v0, fabric-renderer-indigo, fabric-item-group-api-v1, fabric-item-api-v1, fabric-events-lifecycle-v0, fabric-lifecycle-events-v1, fabric-convention-tags-v1, fabric-gametest-api-v1, fabric-models-v0, fabric-data-generation-api-v1, fabric-resource-conditions-api-v1, fabric-renderer-api-v1, fabric-command-api-v1, fabric-message-api-v1, fabric-particles-v1, fabricloader, fabric-block-api-v1, fabric-loot-tables-v1, fabric-content-registries-v0, fabric-crash-report-info-v1, fabric-object-builder-api-v1, fabric-biome-api-v1, fabric-rendering-data-attachment-v1, fabric-rendering-v0, fabric-resource-loader-v0, fabric-renderer-registries-v1, fabric-screen-handler-api-v1, fabric-block-view-api-v2, fabric-networking-v0, fabric-key-binding-api-v1, fabric-commands-v0, fabric-rendering-v1, fabric-data-attachment-api-v1, fabric-sound-api-v1, fabric-api-lookup-api-v1, fabric-rendering-fluids-v1, fabric-keybindings-v0, fabric-mining-level-api-v1, fabric-api, fabric-entity-events-v1, cortex, fabric-screen-api-v1, fabric-dimensions-v1, fabric-registry-sync-v0, fabric-recipe-api-v1, fabric-api-base)
[22:19:01] [Worker-Main-3/INFO] (Minecraft) Found unifont_all_no_pua-15.0.06.hex, loading
[22:19:02] [Realms Notification Availability checker #1/INFO] (Minecraft) Could not authorize you against Realms server: java.lang.RuntimeException: Failed to parse into SignedJWT: FabricMC
[22:19:08] [Render thread/WARN] (Minecraft) Missing sound for event: minecraft:item.goat_horn.play
[22:19:08] [Render thread/WARN] (Minecraft) Missing sound for event: minecraft:entity.goat.screaming.horn_break
[22:19:09] [Render thread/INFO] (Minecraft) OpenAL initialized on device OpenAL Soft on EDIFIER MR3BT (FRANSUN  KT02H20)
[22:19:09] [Render thread/INFO] (Minecraft) Sound engine started
[22:19:10] [Render thread/INFO] (Minecraft) Created: 1024x512x0 minecraft:textures/atlas/blocks.png-atlas
[22:19:10] [Render thread/INFO] (Minecraft) Created: 256x256x0 minecraft:textures/atlas/signs.png-atlas
[22:19:10] [Render thread/INFO] (Minecraft) Created: 512x512x0 minecraft:textures/atlas/banner_patterns.png-atlas
[22:19:10] [Render thread/INFO] (Minecraft) Created: 512x512x0 minecraft:textures/atlas/shield_patterns.png-atlas
[22:19:10] [Render thread/INFO] (Minecraft) Created: 1024x1024x0 minecraft:textures/atlas/armor_trims.png-atlas
[22:19:10] [Render thread/INFO] (Minecraft) Created: 256x256x0 minecraft:textures/atlas/chest.png-atlas
[22:19:10] [Render thread/INFO] (Minecraft) Created: 128x64x0 minecraft:textures/atlas/decorated_pot.png-atlas
[22:19:10] [Render thread/INFO] (Minecraft) Created: 512x256x0 minecraft:textures/atlas/beds.png-atlas
[22:19:10] [Render thread/INFO] (Minecraft) Created: 512x256x0 minecraft:textures/atlas/shulker_boxes.png-atlas
[22:19:11] [Render thread/WARN] (Minecraft) Shader rendertype_entity_translucent_emissive could not find sampler named Sampler2 in the specified shader program.
[22:19:11] [Render thread/INFO] (Minecraft) Created: 256x256x0 minecraft:textures/atlas/particles.png-atlas
[22:19:11] [Render thread/INFO] (Minecraft) Created: 256x256x0 minecraft:textures/atlas/paintings.png-atlas
[22:19:11] [Render thread/INFO] (Minecraft) Created: 128x128x0 minecraft:textures/atlas/mob_effects.png-atlas
[22:20:29] [Render thread/INFO] (Minecraft) Loaded 7 recipes
[22:20:29] [Render thread/INFO] (Minecraft) Loaded 1271 advancements
[22:20:31] [Render thread/INFO] (BiomeModificationImpl) Applied 0 biome modifications to 0 of 64 new biomes in 4.479 ms
[22:20:31] [Server thread/INFO] (Minecraft) Starting integrated minecraft server version 1.20.1
[22:20:31] [Server thread/INFO] (Minecraft) Generating keypair
[22:20:38] [Server thread/INFO] (Minecraft) Preparing start region for dimension minecraft:overworld
[22:20:48] [Render thread/INFO] (Minecraft) 准备生成区域中：0%
[22:20:48] [Render thread/INFO] (Minecraft) 准备生成区域中：0%
[22:20:48] [Render thread/INFO] (Minecraft) 准备生成区域中：0%
[22:20:48] [Render thread/INFO] (Minecraft) 准备生成区域中：0%
[22:20:48] [Render thread/INFO] (Minecraft) 准备生成区域中：0%
[22:20:48] [Render thread/INFO] (Minecraft) 准备生成区域中：0%
[22:20:48] [Render thread/INFO] (Minecraft) 准备生成区域中：0%
[22:20:48] [Render thread/INFO] (Minecraft) 准备生成区域中：0%
[22:20:48] [Render thread/INFO] (Minecraft) 准备生成区域中：0%
[22:20:48] [Render thread/INFO] (Minecraft) 准备生成区域中：0%
[22:20:48] [Render thread/INFO] (Minecraft) 准备生成区域中：0%
[22:20:48] [Render thread/INFO] (Minecraft) 准备生成区域中：0%
[22:20:48] [Render thread/INFO] (Minecraft) 准备生成区域中：0%
[22:20:48] [Render thread/INFO] (Minecraft) 准备生成区域中：0%
[22:20:48] [Render thread/INFO] (Minecraft) 准备生成区域中：0%
[22:20:48] [Render thread/INFO] (Minecraft) 准备生成区域中：0%
[22:20:48] [Render thread/INFO] (Minecraft) 准备生成区域中：0%
[22:20:48] [Render thread/INFO] (Minecraft) 准备生成区域中：0%
[22:20:48] [Render thread/INFO] (Minecraft) 准备生成区域中：0%
[22:20:48] [Render thread/INFO] (Minecraft) 准备生成区域中：0%
[22:20:48] [Render thread/INFO] (Minecraft) 准备生成区域中：0%
[22:20:49] [Render thread/INFO] (Minecraft) 准备生成区域中：0%
[22:20:49] [Render thread/INFO] (Minecraft) 准备生成区域中：4%
[22:20:50] [Render thread/INFO] (Minecraft) 准备生成区域中：13%
[22:20:50] [Render thread/INFO] (Minecraft) 准备生成区域中：23%
[22:20:51] [Render thread/INFO] (Minecraft) 准备生成区域中：34%
[22:20:51] [Render thread/INFO] (Minecraft) 准备生成区域中：43%
[22:20:52] [Render thread/INFO] (Minecraft) 准备生成区域中：68%
[22:20:52] [Render thread/INFO] (Minecraft) 准备生成区域中：83%
[22:20:53] [Render thread/INFO] (Minecraft) 准备生成区域中：87%
[22:20:53] [Render thread/INFO] (Minecraft) 准备生成区域中：87%
[22:20:53] [Render thread/INFO] (Minecraft) Time elapsed: 15381 ms
[22:20:54] [Server thread/INFO] (Minecraft) Changing view distance to 5, from 10
[22:20:54] [Server thread/INFO] (Minecraft) Changing simulation distance to 6, from 0
[22:20:56] [Server thread/INFO] (Minecraft) Player490[local:E:a2a28f54] logged in with entity id 196 at (91.33954117954188, 64.0, 125.60807891892303)
[22:20:56] [Server thread/INFO] (Minecraft) Player490加入了游戏
[22:20:58] [Render thread/INFO] (Minecraft) Loaded 2 advancements
[22:21:09] [Server thread/INFO] (Minecraft) Saving and pausing game...
[22:21:09] [Server thread/INFO] (Minecraft) Saving chunks for level 'ServerLevel[新的世界]'/minecraft:overworld
[22:21:12] [Server thread/INFO] (Minecraft) Saving chunks for level 'ServerLevel[新的世界]'/minecraft:the_end
[22:21:12] [Server thread/INFO] (Minecraft) Saving chunks for level 'ServerLevel[新的世界]'/minecraft:the_nether
[22:21:12] [Server thread/WARN] (Minecraft) Can't keep up! Is the server overloaded? Running 4405ms or 88 ticks behind
[22:21:19] [Server thread/INFO] (Minecraft) Saving and pausing game...
[22:21:19] [Server thread/INFO] (Minecraft) Saving chunks for level 'ServerLevel[新的世界]'/minecraft:overworld
[22:21:19] [Server thread/INFO] (Minecraft) Saving chunks for level 'ServerLevel[新的世界]'/minecraft:the_end
[22:21:19] [Server thread/INFO] (Minecraft) Saving chunks for level 'ServerLevel[新的世界]'/minecraft:the_nether
[22:21:31] [Render thread/WARN] (Minecraft) Unable to play empty soundEvent: minecraft:entity.salmon.ambient
[22:21:35] [Server thread/INFO] (Minecraft) Saving and pausing game...
[22:21:35] [Server thread/INFO] (Minecraft) Saving chunks for level 'ServerLevel[新的世界]'/minecraft:overworld
[22:21:35] [Server thread/INFO] (Minecraft) Saving chunks for level 'ServerLevel[新的世界]'/minecraft:the_end
[22:21:35] [Server thread/INFO] (Minecraft) Saving chunks for level 'ServerLevel[新的世界]'/minecraft:the_nether
[22:21:35] [Server thread/INFO] (Minecraft) Player490 lost connection: 连接中断
[22:21:35] [Server thread/INFO] (Minecraft) Player490退出了游戏
[22:21:35] [Server thread/INFO] (Minecraft) Stopping singleplayer server as player logged out
[22:21:35] [Server thread/INFO] (Minecraft) Stopping server
[22:21:35] [Server thread/INFO] (Minecraft) Saving players
[22:21:35] [Server thread/INFO] (Minecraft) Saving worlds
[22:21:37] [Server thread/INFO] (Minecraft) Saving chunks for level 'ServerLevel[新的世界]'/minecraft:overworld
[22:21:38] [Server thread/INFO] (Minecraft) Saving chunks for level 'ServerLevel[新的世界]'/minecraft:the_end
[22:21:38] [Server thread/INFO] (Minecraft) Saving chunks for level 'ServerLevel[新的世界]'/minecraft:the_nether
[22:21:38] [Server thread/INFO] (Minecraft) ThreadedAnvilChunkStorage (新的世界): All chunks are saved
[22:21:38] [Server thread/INFO] (Minecraft) ThreadedAnvilChunkStorage (DIM1): All chunks are saved
[22:21:38] [Server thread/INFO] (Minecraft) ThreadedAnvilChunkStorage (DIM-1): All chunks are saved
[22:21:38] [Server thread/INFO] (Minecraft) ThreadedAnvilChunkStorage: All dimensions are saved
[22:21:41] [Render thread/INFO] (Minecraft) Stopping!
